<?xml version="1.0" encoding="UTF-8"?>
<!-- Generated by org.testng.reporters.JUnitReportReporter -->
<testsuite skipped="0" hostname="Stock2" name="fintoo.Testcases.TC_ExpertAdvisory" tests="1" failures="0" timestamp="21 Sep 2021 11:30:48 GMT" time="1961.418" errors="0">
  <testcase name="expertAdvisory" time="1961.418" classname="fintoo.Testcases.TC_ExpertAdvisory"/>
</testsuite> <!-- fintoo.Testcases.TC_ExpertAdvisory -->
