<?xml version="1.0" encoding="UTF-8"?>
<!-- Generated by org.testng.reporters.JUnitReportReporter -->
<testsuite skipped="0" hostname="Stock2" name="fintoo.Testcases.TC_LoginTest_003" tests="1" failures="0" timestamp="05 Apr 2021 11:46:44 GMT" time="215.278" errors="0">
  <testcase name="testLogin" time="215.278" classname="fintoo.Testcases.TC_LoginTest_003"/>
</testsuite> <!-- fintoo.Testcases.TC_LoginTest_003 -->
