<?xml version="1.0" encoding="UTF-8"?>
<!-- Generated by org.testng.reporters.JUnitReportReporter -->
<testsuite skipped="0" hostname="Stock2" name="fintoo.Testcases.TC_Userflow" tests="1" failures="0" timestamp="25 Mar 2021 12:54:39 GMT" time="50.556" errors="0">
  <testcase name="userFlowTest" time="50.556" classname="fintoo.Testcases.TC_Userflow"/>
</testsuite> <!-- fintoo.Testcases.TC_Userflow -->
