<?xml version="1.0" encoding="UTF-8"?>
<!-- Generated by org.testng.reporters.JUnitReportReporter -->
<testsuite skipped="0" hostname="Stock2" name="fintoo.Testcases.TC_DG_InsuranceNeg_015" tests="1" failures="0" timestamp="18 May 2021 08:49:03 GMT" time="484.895" errors="0">
  <testcase name="insuranceNegative" time="484.895" classname="fintoo.Testcases.TC_DG_InsuranceNeg_015"/>
</testsuite> <!-- fintoo.Testcases.TC_DG_InsuranceNeg_015 -->
