<?xml version="1.0" encoding="UTF-8"?>
<!-- Generated by org.testng.reporters.JUnitReportReporter -->
<testsuite skipped="0" hostname="Stock2" name="fintoo.Testcases.TC_UserFlow_Negative_005" tests="1" failures="0" timestamp="01 Apr 2021 08:05:40 GMT" time="53.483" errors="0">
  <testcase name="userFlowNegative" time="53.483" classname="fintoo.Testcases.TC_UserFlow_Negative_005"/>
</testsuite> <!-- fintoo.Testcases.TC_UserFlow_Negative_005 -->
