<?xml version="1.0" encoding="UTF-8"?>
<!-- Generated by org.testng.reporters.JUnitReportReporter -->
<testsuite skipped="0" hostname="Stock2" name="fintoo.Testcases.TC_DataGathering_Neg_YourFamily_010" tests="1" failures="0" timestamp="16 Apr 2021 06:33:15 GMT" time="202.295" errors="0">
  <testcase name="dataGatheringNegative01" time="202.295" classname="fintoo.Testcases.TC_DataGathering_Neg_YourFamily_010"/>
</testsuite> <!-- fintoo.Testcases.TC_DataGathering_Neg_YourFamily_010 -->
