<?xml version="1.0" encoding="UTF-8"?>
<!-- Generated by org.testng.reporters.JUnitReportReporter -->
<testsuite skipped="0" hostname="Stock2" name="fintoo.Testcases.TC_DG_Neg_Goal_013" tests="1" failures="0" timestamp="27 Apr 2021 00:59:29 GMT" time="253.212" errors="0">
  <testcase name="datagatheringGoalNeg01" time="253.212" classname="fintoo.Testcases.TC_DG_Neg_Goal_013"/>
</testsuite> <!-- fintoo.Testcases.TC_DG_Neg_Goal_013 -->
