<?xml version="1.0" encoding="UTF-8"?>
<!-- Generated by org.testng.reporters.JUnitReportReporter -->
<testsuite skipped="0" hostname="Stock2" name="fintoo.Testcases.TC_Negative_Registration_006" tests="2" failures="0" timestamp="05 Apr 2021 11:35:38 GMT" time="55.947" errors="0">
  <testcase name="invalidData" time="47.892" classname="fintoo.Testcases.TC_Negative_Registration_006"/>
  <testcase name="emptyFieldTest" time="8.055" classname="fintoo.Testcases.TC_Negative_Registration_006"/>
</testsuite> <!-- fintoo.Testcases.TC_Negative_Registration_006 -->
