<?xml version="1.0" encoding="UTF-8"?>
<!-- Generated by org.testng.reporters.JUnitReportReporter -->
<testsuite skipped="0" hostname="Stock2" name="fintoo.Testcases.TC_DataGathering_Negative_009" tests="1" failures="0" timestamp="14 Apr 2021 11:17:03 GMT" time="39.252" errors="0">
  <testcase name="dataGatheringNegative01" time="39.252" classname="fintoo.Testcases.TC_DataGathering_Negative_009"/>
</testsuite> <!-- fintoo.Testcases.TC_DataGathering_Negative_009 -->
