<?xml version="1.0" encoding="UTF-8"?>
<!-- Generated by org.testng.reporters.JUnitReportReporter -->
<testsuite skipped="0" hostname="Stock2" name="fintoo.Testcases.TC_DataGathering_Neg_KnowYourRisk_009" tests="1" failures="0" timestamp="15 Apr 2021 08:03:51 GMT" time="76.810" errors="0">
  <testcase name="dataGatheringNegative01" time="76.810" classname="fintoo.Testcases.TC_DataGathering_Neg_KnowYourRisk_009"/>
</testsuite> <!-- fintoo.Testcases.TC_DataGathering_Neg_KnowYourRisk_009 -->
