<?xml version="1.0" encoding="UTF-8"?>
<!-- Generated by org.testng.reporters.JUnitReportReporter -->
<testsuite skipped="0" hostname="Stock2" name="fintoo.Testcases.TC_DG_MyDocumentNeg" tests="1" failures="0" timestamp="20 May 2021 09:02:01 GMT" time="94.002" errors="0">
  <testcase name="myDocumentNegative" time="94.002" classname="fintoo.Testcases.TC_DG_MyDocumentNeg"/>
</testsuite> <!-- fintoo.Testcases.TC_DG_MyDocumentNeg -->
