<?xml version="1.0" encoding="UTF-8"?>
<!-- Generated by org.testng.reporters.JUnitReportReporter -->
<testsuite skipped="0" hostname="Stock2" name="fintoo.Testcases.TC_UserFlowCombo_004" tests="1" failures="0" timestamp="25 Mar 2021 12:09:52 GMT" time="74.607" errors="0">
  <testcase name="userFlowTestCombo" time="74.607" classname="fintoo.Testcases.TC_UserFlowCombo_004"/>
</testsuite> <!-- fintoo.Testcases.TC_UserFlowCombo_004 -->
