<?xml version="1.0" encoding="UTF-8"?>
<!-- Generated by org.testng.reporters.JUnitReportReporter -->
<testsuite skipped="0" hostname="Stock2" name="fintoo.Testcases.TC_ExpertAdvisory" tests="1" failures="0" timestamp="20 Sep 2021 07:35:56 GMT" time="2386.184" errors="0">
  <testcase name="expertAdvisory" time="2386.184" classname="fintoo.Testcases.TC_ExpertAdvisory"/>
</testsuite> <!-- fintoo.Testcases.TC_ExpertAdvisory -->
