<?xml version="1.0" encoding="UTF-8"?>
<!-- Generated by org.testng.reporters.JUnitReportReporter -->
<testsuite skipped="0" hostname="Stock2" name="fintoo.Testcases.TC_DG_Neg_IncomeAndExpense_012" tests="2" failures="0" timestamp="21 Apr 2021 10:41:08 GMT" time="203.401" errors="0">
  <testcase name="dataGathering01" time="159.403" classname="fintoo.Testcases.TC_DG_Neg_IncomeAndExpense_012"/>
  <testcase name="datagatheringNegExpenses" time="43.998" classname="fintoo.Testcases.TC_DG_Neg_IncomeAndExpense_012"/>
</testsuite> <!-- fintoo.Testcases.TC_DG_Neg_IncomeAndExpense_012 -->
