<?xml version="1.0" encoding="UTF-8"?>
<!-- Generated by org.testng.reporters.JUnitReportReporter -->
<testsuite skipped="0" hostname="Stock2" name="fintoo.Testcases.TC_Registration_007" tests="1" failures="0" timestamp="05 Apr 2021 11:35:38 GMT" time="8.370" errors="0">
  <testcase name="randomRegistration" time="8.370" classname="fintoo.Testcases.TC_Registration_007"/>
</testsuite> <!-- fintoo.Testcases.TC_Registration_007 -->
