<?xml version="1.0" encoding="UTF-8"?>
<!-- Generated by org.testng.reporters.JUnitReportReporter -->
<testsuite skipped="0" hostname="Stock2" name="fintoo.Testcases.TC_UserFlow_Functionality_004" tests="1" failures="0" timestamp="01 Apr 2021 10:16:19 GMT" time="126.525" errors="0">
  <testcase name="userFlowFunctionality" time="126.525" classname="fintoo.Testcases.TC_UserFlow_Functionality_004"/>
</testsuite> <!-- fintoo.Testcases.TC_UserFlow_Functionality_004 -->
