<?xml version="1.0" encoding="UTF-8"?>
<!-- Generated by org.testng.reporters.JUnitReportReporter -->
<testsuite skipped="0" hostname="Stock2" name="fintoo.Testcases.Abc" tests="1" failures="0" timestamp="16 Mar 2021 16:30:35 GMT" time="0.008" errors="0">
  <testcase name="start" time="0.008" classname="fintoo.Testcases.Abc"/>
</testsuite> <!-- fintoo.Testcases.Abc -->
