<?xml version="1.0" encoding="UTF-8"?>
<!-- Generated by org.testng.reporters.JUnitReportReporter -->
<testsuite skipped="0" hostname="Stock2" name="fintoo.Testcases.TC_LoginTest_001" tests="1" failures="0" timestamp="01 Apr 2021 04:53:23 GMT" time="27.849" errors="0">
  <testcase name="loginTest" time="27.849" classname="fintoo.Testcases.TC_LoginTest_001"/>
</testsuite> <!-- fintoo.Testcases.TC_LoginTest_001 -->
